This is pTeX, Version 3.141592-p3.1.10 (jis.sjis) (Web2C 7.5.4) (format=platex 2009.8.28)  18 JAN 2011 16:26
**abstract.tex
(./abstract.tex
pLaTeX2e <2006/11/10>+0 (based on LaTeX2e <2003/12/01> patch level 0)

! LaTeX Error: Missing \begin{document}.

See the LaTeX manual or LaTeX Companion for explanation.
Type  H <return>  for immediate help.
 ...                                              
                                                  
l.1 A
     mazon Dynamo、Cassandra をはじめとした単一故障点がなく、負荷が自動的に...
? 
! Emergency stop.
 ...                                              
                                                  
l.1 A
     mazon Dynamo、Cassandra をはじめとした単一故障点がなく、負荷が自動的に...
You're in trouble here.  Try typing  <return>  to proceed.
If that doesn't work, type  X <return>  to quit.

 
Here is how much of TeX's memory you used:
 5 strings out of 94681
 179 string characters out of 1174652
 49353 words of memory out of 1500000
 3389 multiletter control sequences out of 10000+50000
 7511 words of font info for 31 fonts, out of 1200000 for 2000
 566 hyphenation exceptions out of 8191
 5i,0n,4p,143b,14s stack positions out of 5000i,500n,6000p,200000b,5000s
No pages of output.
