This is pTeX, Version 3.141592-p3.1.10 (jis.sjis) (Web2C 7.5.4) (format=platex 2009.8.28)  21 JAN 2011 05:49
**chapter5.tex
(./chapter5.tex
pLaTeX2e <2006/11/10>+0 (based on LaTeX2e <2003/12/01> patch level 0)
! Undefined control sequence.
l.2 \chapter
            {測定手法}
? 

! LaTeX Error: Missing \begin{document}.

See the LaTeX manual or LaTeX Companion for explanation.
Type  H <return>  for immediate help.
 ...                                              
                                                  
l.2 \chapter{測
               定手法}
? 
! Emergency stop.
 ...                                              
                                                  
l.2 \chapter{測
               定手法}
You're in trouble here.  Try typing  <return>  to proceed.
If that doesn't work, type  X <return>  to quit.

 
Here is how much of TeX's memory you used:
 5 strings out of 94681
 179 string characters out of 1174652
 49353 words of memory out of 1500000
 3389 multiletter control sequences out of 10000+50000
 7511 words of font info for 31 fonts, out of 1200000 for 2000
 566 hyphenation exceptions out of 8191
 5i,0n,4p,34b,15s stack positions out of 5000i,500n,6000p,200000b,5000s
No pages of output.
